[2024-07-15 02:00:00.003 +00:00] [INF] [33] Emby.Server.Implementations.ScheduledTasks.TaskManager: "Extract Chapter Images" Completed after 0 minute(s) and 0 seconds
[2024-07-15 02:00:01.000 +00:00] [INF] [33] Emby.Server.Implementations.ScheduledTasks.TaskManager: Daily trigger for "Extract Chapter Images" set to fire at 2024-07-16 02:00:00.000 +00:00, which is 23:59:58.9997434 from now.
[2024-07-15 03:00:00.004 +00:00] [INF] [96] Emby.Server.Implementations.ScheduledTasks.TaskManager: "Generate Trickplay Images" Completed after 0 minute(s) and 0 seconds
[2024-07-15 03:00:01.007 +00:00] [INF] [32] Emby.Server.Implementations.ScheduledTasks.TaskManager: Daily trigger for "Generate Trickplay Images" set to fire at 2024-07-16 03:00:00.000 +00:00, which is 23:59:58.9922482 from now.
[2024-07-15 10:22:18.349 +00:00] [INF] [149] Emby.Server.Implementations.Library.LibraryManager: Validating media library
[2024-07-15 10:22:18.353 +00:00] [WRN] [149] MediaBrowser.Controller.Entities.BaseItem: Library folder "/media/media/tv" is inaccessible or empty, skipping
[2024-07-15 10:22:18.354 +00:00] [WRN] [149] MediaBrowser.Controller.Entities.BaseItem: Library folder "/media/media/movies" is inaccessible or empty, skipping
[2024-07-15 10:22:18.354 +00:00] [WRN] [149] MediaBrowser.Controller.Entities.BaseItem: Library folder "/config/data/playlists" is inaccessible or empty, skipping
[2024-07-15 10:22:18.361 +00:00] [WRN] [149] MediaBrowser.Controller.Entities.BaseItem: Library folder "/media/media/tv" is inaccessible or empty, skipping
[2024-07-15 10:22:18.362 +00:00] [WRN] [149] MediaBrowser.Controller.Entities.BaseItem: Library folder "/media/media/movies" is inaccessible or empty, skipping
[2024-07-15 10:22:18.362 +00:00] [WRN] [149] MediaBrowser.Controller.Entities.BaseItem: Library folder "/config/data/playlists" is inaccessible or empty, skipping
[2024-07-15 10:22:18.364 +00:00] [INF] [105] Emby.Server.Implementations.ScheduledTasks.TaskManager: "Scan Media Library" Completed after 0 minute(s) and 0 seconds
[2024-07-15 21:18:06.735 +00:00] [ERR] [68] Emby.Server.Implementations.Updates.InstallationManager: An error occurred while accessing the plugin manifest: "https://repo.jellyfin.org/files/plugin/manifest.json"
System.Net.Http.HttpRequestException: Resource temporarily unavailable (repo.jellyfin.org:443)
 ---> System.Net.Sockets.SocketException (11): Resource temporarily unavailable
   at System.Net.Sockets.Socket.AwaitableSocketAsyncEventArgs.ThrowException(SocketError error, CancellationToken cancellationToken)
   at System.Net.Sockets.Socket.AwaitableSocketAsyncEventArgs.System.Threading.Tasks.Sources.IValueTaskSource.GetResult(Int16 token)
   at System.Net.Sockets.Socket.<ConnectAsync>g__WaitForConnectWithCancellation|285_0(AwaitableSocketAsyncEventArgs saea, ValueTask connectTask, CancellationToken cancellationToken)
   at Jellyfin.Networking.HappyEyeballs.HttpClientExtension.AttemptConnection(AddressFamily addressFamily, SocketsHttpConnectionContext context, CancellationToken cancellationToken)
   at Jellyfin.Networking.HappyEyeballs.HttpClientExtension.OnConnect(SocketsHttpConnectionContext context, CancellationToken cancellationToken)
   at System.Net.Http.HttpConnectionPool.ConnectToTcpHostAsync(String host, Int32 port, HttpRequestMessage initialRequest, Boolean async, CancellationToken cancellationToken)
   --- End of inner exception stack trace ---
   at System.Net.Http.HttpConnectionPool.ConnectToTcpHostAsync(String host, Int32 port, HttpRequestMessage initialRequest, Boolean async, CancellationToken cancellationToken)
   at System.Net.Http.HttpConnectionPool.ConnectAsync(HttpRequestMessage request, Boolean async, CancellationToken cancellationToken)
   at System.Net.Http.HttpConnectionPool.CreateHttp11ConnectionAsync(HttpRequestMessage request, Boolean async, CancellationToken cancellationToken)
   at System.Net.Http.HttpConnectionPool.AddHttp11ConnectionAsync(QueueItem queueItem)
   at System.Threading.Tasks.TaskCompletionSourceWithCancellation`1.WaitWithCancellationAsync(CancellationToken cancellationToken)
   at System.Net.Http.HttpConnectionPool.SendWithVersionDetectionAndRetryAsync(HttpRequestMessage request, Boolean async, Boolean doRequestAuth, CancellationToken cancellationToken)
   at System.Net.Http.RedirectHandler.SendAsync(HttpRequestMessage request, Boolean async, CancellationToken cancellationToken)
   at System.Net.Http.DecompressionHandler.SendAsync(HttpRequestMessage request, Boolean async, CancellationToken cancellationToken)
   at Microsoft.Extensions.Http.Logging.LoggingHttpMessageHandler.<SendCoreAsync>g__Core|5_0(HttpRequestMessage request, Boolean useAsync, CancellationToken cancellationToken)
   at Microsoft.Extensions.Http.Logging.LoggingScopeHttpMessageHandler.<SendCoreAsync>g__Core|5_0(HttpRequestMessage request, Boolean useAsync, CancellationToken cancellationToken)
   at System.Net.Http.HttpClient.<SendAsync>g__Core|83_0(HttpRequestMessage request, HttpCompletionOption completionOption, CancellationTokenSource cts, Boolean disposeCts, CancellationTokenSource pendingRequestsCts, CancellationToken originalCancellationToken)
   at System.Net.Http.Json.HttpClientJsonExtensions.<FromJsonAsyncCore>g__Core|12_0[TValue,TJsonOptions](HttpClient client, Task`1 responseTask, Boolean usingResponseHeadersRead, CancellationTokenSource linkedCTS, Func`4 deserializeMethod, TJsonOptions jsonOptions, CancellationToken cancellationToken)
   at Emby.Server.Implementations.Updates.InstallationManager.GetPackages(String manifestName, String manifest, Boolean filterIncompatible, CancellationToken cancellationToken)
[2024-07-15 21:18:06.738 +00:00] [INF] [68] Emby.Server.Implementations.ScheduledTasks.TaskManager: "Update Plugins" Completed after 0 minute(s) and 16 seconds
[2024-07-15 22:22:17.425 +00:00] [INF] [94] Emby.Server.Implementations.ScheduledTasks.TaskManager: "Audio Normalization" Completed after 0 minute(s) and 0 seconds
[2024-07-15 22:22:17.446 +00:00] [INF] [74] Emby.Server.Implementations.ScheduledTasks.TaskManager: "Download missing subtitles" Completed after 0 minute(s) and 0 seconds
[2024-07-15 22:22:17.472 +00:00] [INF] [94] Emby.Server.Implementations.ScheduledTasks.TaskManager: "Clean Transcode Directory" Completed after 0 minute(s) and 0 seconds
[2024-07-15 22:22:17.488 +00:00] [INF] [94] Emby.Server.Implementations.ScheduledTasks.TaskManager: "Clean Log Directory" Completed after 0 minute(s) and 0 seconds
[2024-07-15 22:22:17.505 +00:00] [INF] [94] Emby.Server.Implementations.ScheduledTasks.TaskManager: "Clean Cache Directory" Completed after 0 minute(s) and 0 seconds
[2024-07-15 22:22:17.523 +00:00] [INF] [74] Emby.Server.Implementations.Library.LibraryManager: People validation complete
[2024-07-15 22:22:17.523 +00:00] [INF] [74] Emby.Server.Implementations.ScheduledTasks.TaskManager: "Refresh People" Completed after 0 minute(s) and 0 seconds
[2024-07-15 22:22:17.540 +00:00] [INF] [94] Emby.Server.Implementations.ScheduledTasks.TaskManager: "TasksRefreshChannels" Completed after 0 minute(s) and 0 seconds
[2024-07-15 22:22:17.754 +00:00] [INF] [74] Emby.Server.Implementations.ScheduledTasks.Tasks.OptimizeDatabaseTask: Optimizing and vacuuming jellyfin.db...
[2024-07-15 22:22:17.773 +00:00] [INF] [74] Emby.Server.Implementations.ScheduledTasks.Tasks.OptimizeDatabaseTask: jellyfin.db optimized successfully!
[2024-07-15 22:22:17.773 +00:00] [INF] [74] Emby.Server.Implementations.ScheduledTasks.TaskManager: "Optimize database" Completed after 0 minute(s) and 0 seconds
[2024-07-15 22:22:18.364 +00:00] [INF] [94] Emby.Server.Implementations.Library.LibraryManager: Validating media library
[2024-07-15 22:22:18.368 +00:00] [WRN] [94] MediaBrowser.Controller.Entities.BaseItem: Library folder "/media/media/tv" is inaccessible or empty, skipping
[2024-07-15 22:22:18.368 +00:00] [WRN] [94] MediaBrowser.Controller.Entities.BaseItem: Library folder "/media/media/movies" is inaccessible or empty, skipping
[2024-07-15 22:22:18.369 +00:00] [WRN] [94] MediaBrowser.Controller.Entities.BaseItem: Library folder "/config/data/playlists" is inaccessible or empty, skipping
[2024-07-15 22:22:18.375 +00:00] [WRN] [74] MediaBrowser.Controller.Entities.BaseItem: Library folder "/media/media/tv" is inaccessible or empty, skipping
[2024-07-15 22:22:18.375 +00:00] [WRN] [74] MediaBrowser.Controller.Entities.BaseItem: Library folder "/media/media/movies" is inaccessible or empty, skipping
[2024-07-15 22:22:18.375 +00:00] [WRN] [74] MediaBrowser.Controller.Entities.BaseItem: Library folder "/config/data/playlists" is inaccessible or empty, skipping
[2024-07-15 22:22:18.377 +00:00] [INF] [74] Emby.Server.Implementations.ScheduledTasks.TaskManager: "Scan Media Library" Completed after 0 minute(s) and 0 seconds
[2024-07-15 23:22:30.456 +00:00] [INF] [123] Jellyfin.LiveTv.Guide.GuideManager: Refreshing guide with 7 days of guide data
[2024-07-15 23:22:30.456 +00:00] [INF] [123] Emby.Server.Implementations.ScheduledTasks.TaskManager: "Refresh Guide" Completed after 0 minute(s) and 3 seconds
