[2024-07-14 01:59:59.999 +00:00] [INF] [129] Emby.Server.Implementations.ScheduledTasks.TaskManager: "Extract Chapter Images" Completed after 0 minute(s) and 0 seconds
[2024-07-14 02:00:00.997 +00:00] [INF] [70] Emby.Server.Implementations.ScheduledTasks.TaskManager: Daily trigger for "Extract Chapter Images" set to fire at 2024-07-15 02:00:00.000 +00:00, which is 23:59:59.0023571 from now.
[2024-07-14 03:00:00.007 +00:00] [INF] [72] Emby.Server.Implementations.ScheduledTasks.TaskManager: "Generate Trickplay Images" Completed after 0 minute(s) and 0 seconds
[2024-07-14 03:00:01.007 +00:00] [INF] [114] Emby.Server.Implementations.ScheduledTasks.TaskManager: Daily trigger for "Generate Trickplay Images" set to fire at 2024-07-15 03:00:00.000 +00:00, which is 23:59:58.9925961 from now.
[2024-07-14 10:22:18.323 +00:00] [INF] [30] Emby.Server.Implementations.Library.LibraryManager: Validating media library
[2024-07-14 10:22:18.326 +00:00] [WRN] [30] MediaBrowser.Controller.Entities.BaseItem: Library folder "/media/media/tv" is inaccessible or empty, skipping
[2024-07-14 10:22:18.327 +00:00] [WRN] [30] MediaBrowser.Controller.Entities.BaseItem: Library folder "/media/media/movies" is inaccessible or empty, skipping
[2024-07-14 10:22:18.327 +00:00] [WRN] [30] MediaBrowser.Controller.Entities.BaseItem: Library folder "/config/data/playlists" is inaccessible or empty, skipping
[2024-07-14 10:22:18.333 +00:00] [WRN] [30] MediaBrowser.Controller.Entities.BaseItem: Library folder "/media/media/tv" is inaccessible or empty, skipping
[2024-07-14 10:22:18.333 +00:00] [WRN] [30] MediaBrowser.Controller.Entities.BaseItem: Library folder "/media/media/movies" is inaccessible or empty, skipping
[2024-07-14 10:22:18.333 +00:00] [WRN] [30] MediaBrowser.Controller.Entities.BaseItem: Library folder "/config/data/playlists" is inaccessible or empty, skipping
[2024-07-14 10:22:18.335 +00:00] [INF] [32] Emby.Server.Implementations.ScheduledTasks.TaskManager: "Scan Media Library" Completed after 0 minute(s) and 0 seconds
[2024-07-14 21:18:06.734 +00:00] [ERR] [112] Emby.Server.Implementations.Updates.InstallationManager: An error occurred while accessing the plugin manifest: "https://repo.jellyfin.org/files/plugin/manifest.json"
System.Net.Http.HttpRequestException: Resource temporarily unavailable (repo.jellyfin.org:443)
 ---> System.Net.Sockets.SocketException (11): Resource temporarily unavailable
   at System.Net.Sockets.Socket.AwaitableSocketAsyncEventArgs.ThrowException(SocketError error, CancellationToken cancellationToken)
   at System.Net.Sockets.Socket.AwaitableSocketAsyncEventArgs.System.Threading.Tasks.Sources.IValueTaskSource.GetResult(Int16 token)
   at System.Net.Sockets.Socket.<ConnectAsync>g__WaitForConnectWithCancellation|285_0(AwaitableSocketAsyncEventArgs saea, ValueTask connectTask, CancellationToken cancellationToken)
   at Jellyfin.Networking.HappyEyeballs.HttpClientExtension.AttemptConnection(AddressFamily addressFamily, SocketsHttpConnectionContext context, CancellationToken cancellationToken)
   at Jellyfin.Networking.HappyEyeballs.HttpClientExtension.OnConnect(SocketsHttpConnectionContext context, CancellationToken cancellationToken)
   at System.Net.Http.HttpConnectionPool.ConnectToTcpHostAsync(String host, Int32 port, HttpRequestMessage initialRequest, Boolean async, CancellationToken cancellationToken)
   --- End of inner exception stack trace ---
   at System.Net.Http.HttpConnectionPool.ConnectToTcpHostAsync(String host, Int32 port, HttpRequestMessage initialRequest, Boolean async, CancellationToken cancellationToken)
   at System.Net.Http.HttpConnectionPool.ConnectAsync(HttpRequestMessage request, Boolean async, CancellationToken cancellationToken)
   at System.Net.Http.HttpConnectionPool.CreateHttp11ConnectionAsync(HttpRequestMessage request, Boolean async, CancellationToken cancellationToken)
   at System.Net.Http.HttpConnectionPool.AddHttp11ConnectionAsync(QueueItem queueItem)
   at System.Threading.Tasks.TaskCompletionSourceWithCancellation`1.WaitWithCancellationAsync(CancellationToken cancellationToken)
   at System.Net.Http.HttpConnectionPool.SendWithVersionDetectionAndRetryAsync(HttpRequestMessage request, Boolean async, Boolean doRequestAuth, CancellationToken cancellationToken)
   at System.Net.Http.RedirectHandler.SendAsync(HttpRequestMessage request, Boolean async, CancellationToken cancellationToken)
   at System.Net.Http.DecompressionHandler.SendAsync(HttpRequestMessage request, Boolean async, CancellationToken cancellationToken)
   at Microsoft.Extensions.Http.Logging.LoggingHttpMessageHandler.<SendCoreAsync>g__Core|5_0(HttpRequestMessage request, Boolean useAsync, CancellationToken cancellationToken)
   at Microsoft.Extensions.Http.Logging.LoggingScopeHttpMessageHandler.<SendCoreAsync>g__Core|5_0(HttpRequestMessage request, Boolean useAsync, CancellationToken cancellationToken)
   at System.Net.Http.HttpClient.<SendAsync>g__Core|83_0(HttpRequestMessage request, HttpCompletionOption completionOption, CancellationTokenSource cts, Boolean disposeCts, CancellationTokenSource pendingRequestsCts, CancellationToken originalCancellationToken)
   at System.Net.Http.Json.HttpClientJsonExtensions.<FromJsonAsyncCore>g__Core|12_0[TValue,TJsonOptions](HttpClient client, Task`1 responseTask, Boolean usingResponseHeadersRead, CancellationTokenSource linkedCTS, Func`4 deserializeMethod, TJsonOptions jsonOptions, CancellationToken cancellationToken)
   at Emby.Server.Implementations.Updates.InstallationManager.GetPackages(String manifestName, String manifest, Boolean filterIncompatible, CancellationToken cancellationToken)
[2024-07-14 21:18:06.736 +00:00] [INF] [112] Emby.Server.Implementations.ScheduledTasks.TaskManager: "Update Plugins" Completed after 0 minute(s) and 16 seconds
[2024-07-14 22:22:17.425 +00:00] [INF] [91] Emby.Server.Implementations.ScheduledTasks.TaskManager: "Audio Normalization" Completed after 0 minute(s) and 0 seconds
[2024-07-14 22:22:17.445 +00:00] [INF] [111] Emby.Server.Implementations.ScheduledTasks.TaskManager: "Download missing subtitles" Completed after 0 minute(s) and 0 seconds
[2024-07-14 22:22:17.472 +00:00] [INF] [111] Emby.Server.Implementations.ScheduledTasks.TaskManager: "Clean Transcode Directory" Completed after 0 minute(s) and 0 seconds
[2024-07-14 22:22:17.488 +00:00] [INF] [91] Emby.Server.Implementations.ScheduledTasks.TaskManager: "Clean Log Directory" Completed after 0 minute(s) and 0 seconds
[2024-07-14 22:22:17.504 +00:00] [INF] [91] Emby.Server.Implementations.ScheduledTasks.TaskManager: "Clean Cache Directory" Completed after 0 minute(s) and 0 seconds
[2024-07-14 22:22:17.525 +00:00] [INF] [91] Emby.Server.Implementations.ScheduledTasks.TaskManager: "TasksRefreshChannels" Completed after 0 minute(s) and 0 seconds
[2024-07-14 22:22:17.735 +00:00] [INF] [111] Emby.Server.Implementations.ScheduledTasks.Tasks.OptimizeDatabaseTask: Optimizing and vacuuming jellyfin.db...
[2024-07-14 22:22:17.754 +00:00] [INF] [111] Emby.Server.Implementations.ScheduledTasks.Tasks.OptimizeDatabaseTask: jellyfin.db optimized successfully!
[2024-07-14 22:22:17.754 +00:00] [INF] [111] Emby.Server.Implementations.ScheduledTasks.TaskManager: "Optimize database" Completed after 0 minute(s) and 0 seconds
[2024-07-14 22:22:18.332 +00:00] [INF] [57] Emby.Server.Implementations.Library.LibraryManager: Validating media library
[2024-07-14 22:22:18.335 +00:00] [WRN] [57] MediaBrowser.Controller.Entities.BaseItem: Library folder "/media/media/tv" is inaccessible or empty, skipping
[2024-07-14 22:22:18.335 +00:00] [WRN] [57] MediaBrowser.Controller.Entities.BaseItem: Library folder "/media/media/movies" is inaccessible or empty, skipping
[2024-07-14 22:22:18.336 +00:00] [WRN] [57] MediaBrowser.Controller.Entities.BaseItem: Library folder "/config/data/playlists" is inaccessible or empty, skipping
[2024-07-14 22:22:18.342 +00:00] [WRN] [57] MediaBrowser.Controller.Entities.BaseItem: Library folder "/media/media/tv" is inaccessible or empty, skipping
[2024-07-14 22:22:18.342 +00:00] [WRN] [57] MediaBrowser.Controller.Entities.BaseItem: Library folder "/media/media/movies" is inaccessible or empty, skipping
[2024-07-14 22:22:18.342 +00:00] [WRN] [57] MediaBrowser.Controller.Entities.BaseItem: Library folder "/config/data/playlists" is inaccessible or empty, skipping
[2024-07-14 22:22:18.344 +00:00] [INF] [136] Emby.Server.Implementations.ScheduledTasks.TaskManager: "Scan Media Library" Completed after 0 minute(s) and 0 seconds
[2024-07-14 23:22:30.453 +00:00] [INF] [102] Jellyfin.LiveTv.Guide.GuideManager: Refreshing guide with 7 days of guide data
[2024-07-14 23:22:30.454 +00:00] [INF] [102] Emby.Server.Implementations.ScheduledTasks.TaskManager: "Refresh Guide" Completed after 0 minute(s) and 3 seconds
